CRITICAL - 2022-06-25 01:20:00 --> syntax error, unexpected token "}", expecting ";"
in APPPATH\Controllers\Home.php on line 10.
 1 SYSTEMPATH\Autoloader\Autoloader.php(261): CodeIgniter\Autoloader\Autoloader->includeFile('APPPATH\\Controllers\\Home.php')
 2 SYSTEMPATH\Autoloader\Autoloader.php(239): CodeIgniter\Autoloader\Autoloader->loadInNamespace('App\\Controllers\\Home')
 3 [internal function]: CodeIgniter\Autoloader\Autoloader->loadClass('App\\Controllers\\Home')
 4 SYSTEMPATH\CodeIgniter.php(846): class_exists('\\App\\Controllers\\Home', true)
 5 SYSTEMPATH\CodeIgniter.php(453): CodeIgniter\CodeIgniter->startController()
 6 SYSTEMPATH\CodeIgniter.php(349): CodeIgniter\CodeIgniter->handleRequest(null, Object(Config\Cache), false)
 7 FCPATH\index.php(55): CodeIgniter\CodeIgniter->run()
CRITICAL - 2022-06-25 01:28:38 --> syntax error, unexpected token "}", expecting ";"
in APPPATH\Controllers\Home.php on line 10.
 1 SYSTEMPATH\Autoloader\Autoloader.php(261): CodeIgniter\Autoloader\Autoloader->includeFile('APPPATH\\Controllers\\Home.php')
 2 SYSTEMPATH\Autoloader\Autoloader.php(239): CodeIgniter\Autoloader\Autoloader->loadInNamespace('App\\Controllers\\Home')
 3 [internal function]: CodeIgniter\Autoloader\Autoloader->loadClass('App\\Controllers\\Home')
 4 SYSTEMPATH\CodeIgniter.php(846): class_exists('\\App\\Controllers\\Home', true)
 5 SYSTEMPATH\CodeIgniter.php(453): CodeIgniter\CodeIgniter->startController()
 6 SYSTEMPATH\CodeIgniter.php(349): CodeIgniter\CodeIgniter->handleRequest(null, Object(Config\Cache), false)
 7 FCPATH\index.php(55): CodeIgniter\CodeIgniter->run()
CRITICAL - 2022-06-25 01:28:43 --> syntax error, unexpected token "}", expecting ";"
in APPPATH\Controllers\Home.php on line 10.
 1 SYSTEMPATH\Autoloader\Autoloader.php(261): CodeIgniter\Autoloader\Autoloader->includeFile('APPPATH\\Controllers\\Home.php')
 2 SYSTEMPATH\Autoloader\Autoloader.php(239): CodeIgniter\Autoloader\Autoloader->loadInNamespace('App\\Controllers\\Home')
 3 [internal function]: CodeIgniter\Autoloader\Autoloader->loadClass('App\\Controllers\\Home')
 4 SYSTEMPATH\CodeIgniter.php(846): class_exists('\\App\\Controllers\\Home', true)
 5 SYSTEMPATH\CodeIgniter.php(453): CodeIgniter\CodeIgniter->startController()
 6 SYSTEMPATH\CodeIgniter.php(349): CodeIgniter\CodeIgniter->handleRequest(null, Object(Config\Cache), false)
 7 FCPATH\index.php(55): CodeIgniter\CodeIgniter->run()
CRITICAL - 2022-06-25 01:28:44 --> syntax error, unexpected token "}", expecting ";"
in APPPATH\Controllers\Home.php on line 10.
 1 SYSTEMPATH\Autoloader\Autoloader.php(261): CodeIgniter\Autoloader\Autoloader->includeFile('APPPATH\\Controllers\\Home.php')
 2 SYSTEMPATH\Autoloader\Autoloader.php(239): CodeIgniter\Autoloader\Autoloader->loadInNamespace('App\\Controllers\\Home')
 3 [internal function]: CodeIgniter\Autoloader\Autoloader->loadClass('App\\Controllers\\Home')
 4 SYSTEMPATH\CodeIgniter.php(846): class_exists('\\App\\Controllers\\Home', true)
 5 SYSTEMPATH\CodeIgniter.php(453): CodeIgniter\CodeIgniter->startController()
 6 SYSTEMPATH\CodeIgniter.php(349): CodeIgniter\CodeIgniter->handleRequest(null, Object(Config\Cache), false)
 7 FCPATH\index.php(55): CodeIgniter\CodeIgniter->run()
CRITICAL - 2022-06-25 01:28:45 --> syntax error, unexpected token "}", expecting ";"
in APPPATH\Controllers\Home.php on line 10.
 1 SYSTEMPATH\Autoloader\Autoloader.php(261): CodeIgniter\Autoloader\Autoloader->includeFile('APPPATH\\Controllers\\Home.php')
 2 SYSTEMPATH\Autoloader\Autoloader.php(239): CodeIgniter\Autoloader\Autoloader->loadInNamespace('App\\Controllers\\Home')
 3 [internal function]: CodeIgniter\Autoloader\Autoloader->loadClass('App\\Controllers\\Home')
 4 SYSTEMPATH\CodeIgniter.php(846): class_exists('\\App\\Controllers\\Home', true)
 5 SYSTEMPATH\CodeIgniter.php(453): CodeIgniter\CodeIgniter->startController()
 6 SYSTEMPATH\CodeIgniter.php(349): CodeIgniter\CodeIgniter->handleRequest(null, Object(Config\Cache), false)
 7 FCPATH\index.php(55): CodeIgniter\CodeIgniter->run()
CRITICAL - 2022-06-25 01:28:46 --> syntax error, unexpected token "}", expecting ";"
in APPPATH\Controllers\Home.php on line 10.
 1 SYSTEMPATH\Autoloader\Autoloader.php(261): CodeIgniter\Autoloader\Autoloader->includeFile('APPPATH\\Controllers\\Home.php')
 2 SYSTEMPATH\Autoloader\Autoloader.php(239): CodeIgniter\Autoloader\Autoloader->loadInNamespace('App\\Controllers\\Home')
 3 [internal function]: CodeIgniter\Autoloader\Autoloader->loadClass('App\\Controllers\\Home')
 4 SYSTEMPATH\CodeIgniter.php(846): class_exists('\\App\\Controllers\\Home', true)
 5 SYSTEMPATH\CodeIgniter.php(453): CodeIgniter\CodeIgniter->startController()
 6 SYSTEMPATH\CodeIgniter.php(349): CodeIgniter\CodeIgniter->handleRequest(null, Object(Config\Cache), false)
 7 FCPATH\index.php(55): CodeIgniter\CodeIgniter->run()
CRITICAL - 2022-06-25 01:29:52 --> syntax error, unexpected token "}", expecting ";"
in APPPATH\Controllers\Home.php on line 10.
 1 SYSTEMPATH\Autoloader\Autoloader.php(261): CodeIgniter\Autoloader\Autoloader->includeFile('APPPATH\\Controllers\\Home.php')
 2 SYSTEMPATH\Autoloader\Autoloader.php(239): CodeIgniter\Autoloader\Autoloader->loadInNamespace('App\\Controllers\\Home')
 3 [internal function]: CodeIgniter\Autoloader\Autoloader->loadClass('App\\Controllers\\Home')
 4 SYSTEMPATH\CodeIgniter.php(846): class_exists('\\App\\Controllers\\Home', true)
 5 SYSTEMPATH\CodeIgniter.php(453): CodeIgniter\CodeIgniter->startController()
 6 SYSTEMPATH\CodeIgniter.php(349): CodeIgniter\CodeIgniter->handleRequest(null, Object(Config\Cache), false)
 7 FCPATH\index.php(55): CodeIgniter\CodeIgniter->run()
CRITICAL - 2022-06-25 01:30:22 --> syntax error, unexpected token "}", expecting ";"
in APPPATH\Controllers\Home.php on line 10.
 1 SYSTEMPATH\Autoloader\Autoloader.php(261): CodeIgniter\Autoloader\Autoloader->includeFile('APPPATH\\Controllers\\Home.php')
 2 SYSTEMPATH\Autoloader\Autoloader.php(239): CodeIgniter\Autoloader\Autoloader->loadInNamespace('App\\Controllers\\Home')
 3 [internal function]: CodeIgniter\Autoloader\Autoloader->loadClass('App\\Controllers\\Home')
 4 SYSTEMPATH\CodeIgniter.php(846): class_exists('\\App\\Controllers\\Home', true)
 5 SYSTEMPATH\CodeIgniter.php(453): CodeIgniter\CodeIgniter->startController()
 6 SYSTEMPATH\CodeIgniter.php(349): CodeIgniter\CodeIgniter->handleRequest(null, Object(Config\Cache), false)
 7 FCPATH\index.php(55): CodeIgniter\CodeIgniter->run()
 8 SYSTEMPATH\Commands\Server\rewrite.php(43): require_once('FCPATH\\index.php')
CRITICAL - 2022-06-25 02:22:50 --> syntax error, unexpected token "}", expecting ";"
in APPPATH\Controllers\Home.php on line 10.
 1 SYSTEMPATH\Autoloader\Autoloader.php(261): CodeIgniter\Autoloader\Autoloader->includeFile('APPPATH\\Controllers\\Home.php')
 2 SYSTEMPATH\Autoloader\Autoloader.php(239): CodeIgniter\Autoloader\Autoloader->loadInNamespace('App\\Controllers\\Home')
 3 [internal function]: CodeIgniter\Autoloader\Autoloader->loadClass('App\\Controllers\\Home')
 4 SYSTEMPATH\Commands\Utilities\Routes\ControllerMethodReader.php(43): ReflectionClass->__construct('App\\Controllers\\Home')
 5 SYSTEMPATH\Commands\Utilities\Routes\AutoRouteCollector.php(52): CodeIgniter\Commands\Utilities\Routes\ControllerMethodReader->read('App\\Controllers\\Home', 'Home', 'index')
 6 SYSTEMPATH\Commands\Utilities\Routes.php(135): CodeIgniter\Commands\Utilities\Routes\AutoRouteCollector->get()
 7 SYSTEMPATH\CLI\Commands.php(63): CodeIgniter\Commands\Utilities\Routes->run([])
 8 SYSTEMPATH\CLI\CommandRunner.php(65): CodeIgniter\CLI\Commands->run('routes', [])
 9 SYSTEMPATH\CLI\CommandRunner.php(51): CodeIgniter\CLI\CommandRunner->index([])
10 SYSTEMPATH\CodeIgniter.php(889): CodeIgniter\CLI\CommandRunner->_remap('index', [...])
11 SYSTEMPATH\CodeIgniter.php(466): CodeIgniter\CodeIgniter->runController(Object(CodeIgniter\CLI\CommandRunner))
12 SYSTEMPATH\CodeIgniter.php(345): CodeIgniter\CodeIgniter->handleRequest(null, Object(Config\Cache), false)
13 SYSTEMPATH\CLI\Console.php(48): CodeIgniter\CodeIgniter->run()
14 ROOTPATH\spark(86): CodeIgniter\CLI\Console->run()
CRITICAL - 2022-06-25 02:23:44 --> syntax error, unexpected token "}", expecting ";"
in APPPATH\Controllers\Home.php on line 10.
 1 SYSTEMPATH\Autoloader\Autoloader.php(261): CodeIgniter\Autoloader\Autoloader->includeFile('APPPATH\\Controllers\\Home.php')
 2 SYSTEMPATH\Autoloader\Autoloader.php(239): CodeIgniter\Autoloader\Autoloader->loadInNamespace('App\\Controllers\\Home')
 3 [internal function]: CodeIgniter\Autoloader\Autoloader->loadClass('App\\Controllers\\Home')
 4 SYSTEMPATH\Commands\Utilities\Routes\ControllerMethodReader.php(43): ReflectionClass->__construct('App\\Controllers\\Home')
 5 SYSTEMPATH\Commands\Utilities\Routes\AutoRouteCollector.php(52): CodeIgniter\Commands\Utilities\Routes\ControllerMethodReader->read('App\\Controllers\\Home', 'Home', 'index')
 6 SYSTEMPATH\Commands\Utilities\Routes.php(135): CodeIgniter\Commands\Utilities\Routes\AutoRouteCollector->get()
 7 SYSTEMPATH\CLI\Commands.php(63): CodeIgniter\Commands\Utilities\Routes->run([])
 8 SYSTEMPATH\CLI\CommandRunner.php(65): CodeIgniter\CLI\Commands->run('routes', [])
 9 SYSTEMPATH\CLI\CommandRunner.php(51): CodeIgniter\CLI\CommandRunner->index([])
10 SYSTEMPATH\CodeIgniter.php(889): CodeIgniter\CLI\CommandRunner->_remap('index', [...])
11 SYSTEMPATH\CodeIgniter.php(466): CodeIgniter\CodeIgniter->runController(Object(CodeIgniter\CLI\CommandRunner))
12 SYSTEMPATH\CodeIgniter.php(345): CodeIgniter\CodeIgniter->handleRequest(null, Object(Config\Cache), false)
13 SYSTEMPATH\CLI\Console.php(48): CodeIgniter\CodeIgniter->run()
14 ROOTPATH\spark(86): CodeIgniter\CLI\Console->run()
